2024-11-11 13:38:31,996 - INFO - Starting academic paper scraping analysis
2024-11-11 13:38:31,996 - INFO - Running in TEST mode - processing every 1th link
2024-11-11 13:38:31,996 - INFO - Analyzing top 50 domains per category
2024-11-11 13:38:32,068 - INFO - Processing 1 URLs for category: repo
2024-11-11 13:38:33,301 - INFO - Processing 310 URLs for category: scientific
2024-11-11 13:39:40,172 - WARNING - Certificate did not match expected hostname: www.spectrum.ieee.org. Certificate: {'subject': ((('commonName', 'n.sni-347-default.ssl.fastly.net'),),), 'issuer': ((('countryName', 'BE'),), (('organizationName', 'GlobalSign nv-sa'),), (('commonName', 'GlobalSign Atlas R3 DV TLS CA 2024 Q1'),)), 'version': 3, 'serialNumber': '01D77810134FD0409D73C224C51A96A8', 'notBefore': 'Jan 12 05:01:47 2024 GMT', 'notAfter': 'Feb 12 05:01:46 2025 GMT', 'subjectAltName': (('DNS', 'n.sni-347-default.ssl.fastly.net'),), 'OCSP': ('http://ocsp.globalsign.com/ca/gsatlasr3dvtlsca2024q1',), 'caIssuers': ('http://secure.globalsign.com/cacert/gsatlasr3dvtlsca2024q1.crt',), 'crlDistributionPoints': ('http://crl.globalsign.com/ca/gsatlasr3dvtlsca2024q1.crl',)}
2024-11-11 13:41:25,681 - WARNING - Failed to process comment URL http://en.wikipedia.org/wiki/Diatoms).: 404 Client Error: Not Found for url: https://en.wikipedia.org/wiki/Diatoms).
2024-11-11 13:41:28,195 - WARNING - Failed to process comment URL http://www.ipsnews.net/news.asp?idnews=39212).: 404 Client Error: Not Found for url: http://www.ipsnews.net/news.asp?idnews=39212).
2024-11-11 13:41:46,177 - WARNING - Certificate did not match expected hostname: www.spectrum.ieee.org. Certificate: {'subject': ((('commonName', 'n.sni-347-default.ssl.fastly.net'),),), 'issuer': ((('countryName', 'BE'),), (('organizationName', 'GlobalSign nv-sa'),), (('commonName', 'GlobalSign Atlas R3 DV TLS CA 2024 Q1'),)), 'version': 3, 'serialNumber': '01D77810134FD0409D73C224C51A96A8', 'notBefore': 'Jan 12 05:01:47 2024 GMT', 'notAfter': 'Feb 12 05:01:46 2025 GMT', 'subjectAltName': (('DNS', 'n.sni-347-default.ssl.fastly.net'),), 'OCSP': ('http://ocsp.globalsign.com/ca/gsatlasr3dvtlsca2024q1',), 'caIssuers': ('http://secure.globalsign.com/cacert/gsatlasr3dvtlsca2024q1.crt',), 'crlDistributionPoints': ('http://crl.globalsign.com/ca/gsatlasr3dvtlsca2024q1.crl',)}
2024-11-11 13:42:26,804 - WARNING - Failed to process comment URL http://en.wikipedia.org/wiki/Steam_engine): 404 Client Error: Not Found for url: https://en.wikipedia.org/wiki/Steam_engine)
2024-11-11 13:42:31,771 - WARNING - Failed to process comment URL http://en.wikipedia.org/wiki/Electrolysis_of_water).: 404 Client Error: Not Found for url: https://en.wikipedia.org/wiki/Electrolysis_of_water).
2024-11-11 13:42:41,132 - WARNING - Failed to process comment URL http://en.wikipedia.org/wiki/Fuel_cells): 404 Client Error: Not Found for url: https://en.wikipedia.org/wiki/Fuel_cells)
2024-11-11 13:43:14,107 - WARNING - Failed to process comment URL http://en.wikipedia.org/wiki/Steam_engine): 404 Client Error: Not Found for url: https://en.wikipedia.org/wiki/Steam_engine)
2024-11-11 13:43:18,615 - WARNING - Failed to process comment URL http://en.wikipedia.org/wiki/Electrolysis_of_water).: 404 Client Error: Not Found for url: https://en.wikipedia.org/wiki/Electrolysis_of_water).
2024-11-11 13:43:27,814 - WARNING - Failed to process comment URL http://en.wikipedia.org/wiki/Fuel_cells): 404 Client Error: Not Found for url: https://en.wikipedia.org/wiki/Fuel_cells)
2024-11-11 13:48:03,048 - INFO - Processing 317 URLs for category: news
2024-11-11 14:10:38,233 - WARNING - Failed to process comment URL http://www.dagbladet.no/dinside/2007/09/07/511352.html,: 404 Client Error: Not Found for url: https://www.dagbladet.no/dinside/2007/09/07/511352.html,
2024-11-11 14:12:08,013 - WARNING - Failed to process comment URL http://newsvote.bbc.co.uk/mpapps/pagetools/print/news.bbc.co.uk/2/hi/science/nature/6983176.stm): 404 Client Error: Not Found for url: http://newsvote.bbc.co.uk/mpapps/pagetools/print/news.bbc.co.uk/2/hi/science/nature/6983176.stm)
2024-11-11 14:13:07,347 - WARNING - Failed to process comment URL http://newsvote.bbc.co.uk/mpapps/pagetools/print/news.bbc.co.uk/2/hi/science/nature/6983176.stm): 404 Client Error: Not Found for url: http://newsvote.bbc.co.uk/mpapps/pagetools/print/news.bbc.co.uk/2/hi/science/nature/6983176.stm)
2024-11-11 14:20:47,059 - INFO - Analysis complete - check scraping_results directory for reports
