Successfully loaded CSV using latin-1 encoding
Number of news lines: 66708
Number of science lines: 61196
Number of repo lines: 14622
Total lines: 142526

Domain counts by category:
--------------------------------------------------

Most common news domain: www.sciencealert.com (1874 occurrences)

Most common scientific domain: www.nature.com (9775 occurrences)

Most common repo domain: www.ncbi.nlm.nih.gov (1397 occurrences)

Saved domain filtered CSV with 13046 rows

Unique domains in filtered dataset:
{'www.sciencealert.com', 'www.ncbi.nlm.nih.gov', 'www.nature.com'}

Unique categories in filtered dataset:
{'news', 'repo', 'scientific'}
Scraping news articles:   0%|                                                                                          | 0/1874 [00:00<?, ?it/s]No identifier found for https://www.sciencealert.com/moon-formation-theory-synestia-planetary-science-earth
No title found for https://www.sciencealert.com/moon-formation-theory-synestia-planetary-science-earth
No abstract found for https://www.sciencealert.com/moon-formation-theory-synestia-planetary-science-earth
Scraping news articles:   0%|                                                                                  | 1/1874 [00:00<09:00,  3.47it/s]No identifier found for https://www.sciencealert.com/a-drug-to-treat-peanut-allergies-is-on-it-s-way-to-being-approved-by-the-fda
No abstract found for https://www.sciencealert.com/a-drug-to-treat-peanut-allergies-is-on-it-s-way-to-being-approved-by-the-fda
Scraping news articles:   0%|                                                                                  | 2/1874 [00:02<39:32,  1.27s/it]No identifier found for https://www.sciencealert.com/dna-replication-first-footage-unexpected
No title found for https://www.sciencealert.com/dna-replication-first-footage-unexpected
No abstract found for https://www.sciencealert.com/dna-replication-first-footage-unexpected
Scraping news articles:   0%|▏                                                                                 | 3/1874 [00:02<25:48,  1.21it/s]No title found for https://www.sciencealert.com/trapped-oxygen-bubbles-are-1-6-billion-years-old
No abstract found for https://www.sciencealert.com/trapped-oxygen-bubbles-are-1-6-billion-years-old
Scraping news articles:   0%|▏                                                                                 | 4/1874 [00:02<19:27,  1.60it/s]No identifier found for https://www.sciencealert.com/australia-eradication-human-papillomavirus-vaccine-scheme
No abstract found for https://www.sciencealert.com/australia-eradication-human-papillomavirus-vaccine-scheme
Scraping news articles:   0%|▏                                                                                 | 5/1874 [00:04<31:31,  1.01s/it]No identifier found for https://www.sciencealert.com/turns-out-having-voodoo-doll-boss-awesome-team-morale-staff-management-abusive-injustice
No abstract found for https://www.sciencealert.com/turns-out-having-voodoo-doll-boss-awesome-team-morale-staff-management-abusive-injustice
Scraping news articles:   0%|▎                                                                                 | 6/1874 [00:04<24:26,  1.27it/s]Scraping news articles:   0%|▎                                                                                 | 7/1874 [00:07<38:28,  1.24s/it]No identifier found for https://www.sciencealert.com/reality-doesn-t-exist-until-we-measure-it-quantum-experiment-confirms
No abstract found for https://www.sciencealert.com/reality-doesn-t-exist-until-we-measure-it-quantum-experiment-confirms
Scraping news articles:   0%|▎                                                                                 | 8/1874 [00:08<42:28,  1.37s/it]No identifier found for https://www.sciencealert.com/mysterious-disease-x-next-deadly-global-epidemic-who-warns-virus-pathogen
No abstract found for https://www.sciencealert.com/mysterious-disease-x-next-deadly-global-epidemic-who-warns-virus-pathogen
Scraping news articles:   0%|▍                                                                                 | 9/1874 [00:09<37:51,  1.22s/it]No identifier found for https://www.sciencealert.com/transposon-movement-dna-mice-pup-brain-cells-related-childhood-experience
No title found for https://www.sciencealert.com/transposon-movement-dna-mice-pup-brain-cells-related-childhood-experience
No abstract found for https://www.sciencealert.com/transposon-movement-dna-mice-pup-brain-cells-related-childhood-experience
Scraping news articles:   1%|▍                                                                                | 10/1874 [00:09<28:42,  1.08it/s]No identifier found for https://www.sciencealert.com/tabby-s-star-kic-846852-dimming-again-deepest-dip-since-kepler-record
No title found for https://www.sciencealert.com/tabby-s-star-kic-846852-dimming-again-deepest-dip-since-kepler-record
No abstract found for https://www.sciencealert.com/tabby-s-star-kic-846852-dimming-again-deepest-dip-since-kepler-record
Scraping news articles:   1%|▍                                                                                | 11/1874 [00:10<23:10,  1.34it/s]No identifier found for https://www.sciencealert.com/large-reddit-study-reveals-to-blame-for-conspiracies-theories?utm_source=feedburner&amp;utm_medium=feed&amp;utm_campaign=Feed%3A+sciencealert-latestnews+%28ScienceAlert-Latest%29
No title found for https://www.sciencealert.com/large-reddit-study-reveals-to-blame-for-conspiracies-theories?utm_source=feedburner&amp;utm_medium=feed&amp;utm_campaign=Feed%3A+sciencealert-latestnews+%28ScienceAlert-Latest%29
No abstract found for https://www.sciencealert.com/large-reddit-study-reveals-to-blame-for-conspiracies-theories?utm_source=feedburner&amp;utm_medium=feed&amp;utm_campaign=Feed%3A+sciencealert-latestnews+%28ScienceAlert-Latest%29
Scraping news articles:   1%|▌                                                                                | 12/1874 [00:10<17:53,  1.74it/s]No identifier found for http://www.sciencealert.com/physicists-have-achieved-superconductivity-in-a-non-superconductive-material?perpetual=yes&amp;limitstart=1
No title found for http://www.sciencealert.com/physicists-have-achieved-superconductivity-in-a-non-superconductive-material?perpetual=yes&amp;limitstart=1
No abstract found for http://www.sciencealert.com/physicists-have-achieved-superconductivity-in-a-non-superconductive-material?perpetual=yes&amp;limitstart=1
Scraping news articles:   1%|▌                                                                                | 13/1874 [00:10<13:58,  2.22it/s]Scraping news articles:   1%|▌                                                                                | 14/1874 [00:12<27:54,  1.11it/s]Error scraping ScienceAlert article http://www.sciencealert.com/our-units-of-measurement-are-finally-getting-an-upgrade: Invalid URL 'scientists-are-finally-ready-to-agree-on-the-weight-of-a-kilogram': No scheme supplied. Perhaps you meant https://scientists-are-finally-ready-to-agree-on-the-weight-of-a-kilogram?
No identifier found for http://www.sciencealert.com/our-units-of-measurement-are-finally-getting-an-upgrade
No title found for http://www.sciencealert.com/our-units-of-measurement-are-finally-getting-an-upgrade
No abstract found for http://www.sciencealert.com/our-units-of-measurement-are-finally-getting-an-upgrade
Scraping news articles:   1%|▋                                                                                | 15/1874 [00:12<20:40,  1.50it/s]Scraping news articles:   1%|▋                                                                                | 16/1874 [00:14<32:59,  1.07s/it]