Successfully loaded CSV using latin-1 encoding
Number of news lines: 66708
Number of science lines: 61196
Number of repo lines: 14622
Total lines: 142526

Domain counts by category:
--------------------------------------------------

Most common news domain: www.sciencealert.com (1874 occurrences)

Most common scientific domain: www.nature.com (9775 occurrences)

Most common repo domain: www.ncbi.nlm.nih.gov (1397 occurrences)

Saved domain filtered CSV with 13046 rows

Unique domains in filtered dataset:
{'www.ncbi.nlm.nih.gov', 'www.sciencealert.com', 'www.nature.com'}

Unique categories in filtered dataset:
{'repo', 'scientific', 'news'}
Scraping news articles:   0%|                                                                                                  | 0/1874 [00:00<?, ?it/s]No identifier found for https://www.sciencealert.com/moon-formation-theory-synestia-planetary-science-earth
No title found for https://www.sciencealert.com/moon-formation-theory-synestia-planetary-science-earth
No abstract found for https://www.sciencealert.com/moon-formation-theory-synestia-planetary-science-earth
Scraping news articles:   0%|                                                                                          | 1/1874 [00:00<05:43,  5.45it/s]No identifier found for https://www.sciencealert.com/a-drug-to-treat-peanut-allergies-is-on-it-s-way-to-being-approved-by-the-fda
No abstract found for https://www.sciencealert.com/a-drug-to-treat-peanut-allergies-is-on-it-s-way-to-being-approved-by-the-fda
Scraping news articles:   0%|                                                                                          | 2/1874 [00:00<15:10,  2.06it/s]No identifier found for https://www.sciencealert.com/dna-replication-first-footage-unexpected
No title found for https://www.sciencealert.com/dna-replication-first-footage-unexpected
No abstract found for https://www.sciencealert.com/dna-replication-first-footage-unexpected
Traceback (most recent call last):
  File "C:\Users\Jared\Desktop\rsrchproj\algorithmic-media\python_scraper\scrapy.py", line 529, in <module>
    main()
  File "C:\Users\Jared\Desktop\rsrchproj\algorithmic-media\python_scraper\scrapy.py", line 483, in main
    pb.update(1)
  File "C:\Users\Jared\AppData\Local\Programs\Python\Python310\lib\site-packages\tqdm\std.py", line 1242, in update
    self.refresh(lock_args=self.lock_args)
  File "C:\Users\Jared\AppData\Local\Programs\Python\Python310\lib\site-packages\tqdm\std.py", line 1347, in refresh
    self.display()
  File "C:\Users\Jared\AppData\Local\Programs\Python\Python310\lib\site-packages\tqdm\std.py", line 1495, in display
    self.sp(self.__str__() if msg is None else msg)
  File "C:\Users\Jared\AppData\Local\Programs\Python\Python310\lib\site-packages\tqdm\std.py", line 459, in print_status
    fp_write('\r' + s + (' ' * max(last_len[0] - len_s, 0)))
  File "C:\Users\Jared\AppData\Local\Programs\Python\Python310\lib\site-packages\tqdm\std.py", line 452, in fp_write
    fp.write(str(s))
  File "C:\Users\Jared\AppData\Local\Programs\Python\Python310\lib\site-packages\tqdm\utils.py", line 196, in inner
    return func(*args, **kwargs)
  File "C:\Users\Jared\Desktop\rsrchproj\algorithmic-media\python_scraper\scrapy.py", line 17, in write
    self.log_file.write(message)
  File "C:\Users\Jared\AppData\Local\Programs\Python\Python310\lib\encodings\cp1252.py", line 19, in encode
    return codecs.charmap_encode(input,self.errors,encoding_table)[0]
UnicodeEncodeError: 'charmap' codec can't encode character '\u258f' in position 30: character maps to <undefined>
Exception ignored in: <function tqdm.__del__ at 0x000001407020CD30>
Traceback (most recent call last):
  File "C:\Users\Jared\AppData\Local\Programs\Python\Python310\lib\site-packages\tqdm\std.py", line 1148, in __del__
    self.close()
  File "C:\Users\Jared\AppData\Local\Programs\Python\Python310\lib\site-packages\tqdm\std.py", line 1302, in close
    self.display(pos=0)
  File "C:\Users\Jared\AppData\Local\Programs\Python\Python310\lib\site-packages\tqdm\std.py", line 1495, in display
    self.sp(self.__str__() if msg is None else msg)
  File "C:\Users\Jared\AppData\Local\Programs\Python\Python310\lib\site-packages\tqdm\std.py", line 459, in print_status
    fp_write('\r' + s + (' ' * max(last_len[0] - len_s, 0)))
  File "C:\Users\Jared\AppData\Local\Programs\Python\Python310\lib\site-packages\tqdm\std.py", line 452, in fp_write
    fp.write(str(s))
  File "C:\Users\Jared\AppData\Local\Programs\Python\Python310\lib\site-packages\tqdm\utils.py", line 196, in inner
    return func(*args, **kwargs)
  File "C:\Users\Jared\Desktop\rsrchproj\algorithmic-media\python_scraper\scrapy.py", line 17, in write
    self.log_file.write(message)
  File "C:\Users\Jared\AppData\Local\Programs\Python\Python310\lib\encodings\cp1252.py", line 19, in encode
    return codecs.charmap_encode(input,self.errors,encoding_table)[0]
UnicodeEncodeError: 'charmap' codec can't encode character '\u258f' in position 30: character maps to <undefined>
